[2021-06-06 12:11:08] local.ERROR: file_put_contents(C:\wamp64\www\facebooker\storage\framework/sessions/LXZFYbLAeyhoiYIXx8MrZZsvwg4JLxUO3Zck7Uzq): failed to open stream: No such file or directory {"exception":"[object] (ErrorException(code: 0): file_put_contents(C:\\wamp64\\www\\facebooker\\storage\\framework/sessions/LXZFYbLAeyhoiYIXx8MrZZsvwg4JLxUO3Zck7Uzq): failed to open stream: No such file or directory at /var/www/facebooker/vendor/laravel/framework/src/Illuminate/Filesystem/Filesystem.php:135)
[stacktrace]
#0 [internal function]: Illuminate\\Foundation\\Bootstrap\\HandleExceptions->handleError()
#1 /var/www/facebooker/vendor/laravel/framework/src/Illuminate/Filesystem/Filesystem.php(135): file_put_contents()
#2 /var/www/facebooker/vendor/laravel/framework/src/Illuminate/Session/FileSessionHandler.php(83): Illuminate\\Filesystem\\Filesystem->put()
#3 /var/www/facebooker/vendor/laravel/framework/src/Illuminate/Session/Store.php(129): Illuminate\\Session\\FileSessionHandler->write()
#4 /var/www/facebooker/vendor/laravel/framework/src/Illuminate/Session/Middleware/StartSession.php(231): Illuminate\\Session\\Store->save()
#5 /var/www/facebooker/vendor/laravel/framework/src/Illuminate/Session/Middleware/StartSession.php(125): Illuminate\\Session\\Middleware\\StartSession->saveSession()
#6 /var/www/facebooker/vendor/laravel/framework/src/Illuminate/Session/Middleware/StartSession.php(62): Illuminate\\Session\\Middleware\\StartSession->handleStatefulRequest()
#7 /var/www/facebooker/vendor/laravel/framework/src/Illuminate/Pipeline/Pipeline.php(167): Illuminate\\Session\\Middleware\\StartSession->handle()
#8 /var/www/facebooker/vendor/laravel/framework/src/Illuminate/Cookie/Middleware/AddQueuedCookiesToResponse.php(37): Illuminate\\Pipeline\\Pipeline->Illuminate\\Pipeline\\{closure}()
#9 /var/www/facebooker/vendor/laravel/framework/src/Illuminate/Pipeline/Pipeline.php(167): Illuminate\\Cookie\\Middleware\\AddQueuedCookiesToResponse->handle()
#10 /var/www/facebooker/vendor/laravel/framework/src/Illuminate/Cookie/Middleware/EncryptCookies.php(67): Illuminate\\Pipeline\\Pipeline->Illuminate\\Pipeline\\{closure}()
#11 /var/www/facebooker/vendor/laravel/framework/src/Illuminate/Pipeline/Pipeline.php(167): Illuminate\\Cookie\\Middleware\\EncryptCookies->handle()
#12 /var/www/facebooker/vendor/laravel/framework/src/Illuminate/Pipeline/Pipeline.php(103): Illuminate\\Pipeline\\Pipeline->Illuminate\\Pipeline\\{closure}()
#13 /var/www/facebooker/vendor/laravel/framework/src/Illuminate/Routing/Router.php(687): Illuminate\\Pipeline\\Pipeline->then()
#14 /var/www/facebooker/vendor/laravel/framework/src/Illuminate/Routing/Router.php(662): Illuminate\\Routing\\Router->runRouteWithinStack()
#15 /var/www/facebooker/vendor/laravel/framework/src/Illuminate/Routing/Router.php(628): Illuminate\\Routing\\Router->runRoute()
#16 /var/www/facebooker/vendor/laravel/framework/src/Illuminate/Routing/Router.php(617): Illuminate\\Routing\\Router->dispatchToRoute()
#17 /var/www/facebooker/vendor/laravel/framework/src/Illuminate/Foundation/Http/Kernel.php(165): Illuminate\\Routing\\Router->dispatch()
#18 /var/www/facebooker/vendor/laravel/framework/src/Illuminate/Pipeline/Pipeline.php(128): Illuminate\\Foundation\\Http\\Kernel->Illuminate\\Foundation\\Http\\{closure}()
#19 /var/www/facebooker/vendor/laravel/framework/src/Illuminate/Foundation/Http/Middleware/TransformsRequest.php(21): Illuminate\\Pipeline\\Pipeline->Illuminate\\Pipeline\\{closure}()
#20 /var/www/facebooker/vendor/laravel/framework/src/Illuminate/Pipeline/Pipeline.php(167): Illuminate\\Foundation\\Http\\Middleware\\TransformsRequest->handle()
#21 /var/www/facebooker/vendor/laravel/framework/src/Illuminate/Foundation/Http/Middleware/TransformsRequest.php(21): Illuminate\\Pipeline\\Pipeline->Illuminate\\Pipeline\\{closure}()
#22 /var/www/facebooker/vendor/laravel/framework/src/Illuminate/Pipeline/Pipeline.php(167): Illuminate\\Foundation\\Http\\Middleware\\TransformsRequest->handle()
#23 /var/www/facebooker/vendor/laravel/framework/src/Illuminate/Foundation/Http/Middleware/ValidatePostSize.php(27): Illuminate\\Pipeline\\Pipeline->Illuminate\\Pipeline\\{closure}()
#24 /var/www/facebooker/vendor/laravel/framework/src/Illuminate/Pipeline/Pipeline.php(167): Illuminate\\Foundation\\Http\\Middleware\\ValidatePostSize->handle()
#25 /var/www/facebooker/vendor/laravel/framework/src/Illuminate/Foundation/Http/Middleware/CheckForMaintenanceMode.php(63): Illuminate\\Pipeline\\Pipeline->Illuminate\\Pipeline\\{closure}()
#26 /var/www/facebooker/vendor/laravel/framework/src/Illuminate/Pipeline/Pipeline.php(167): Illuminate\\Foundation\\Http\\Middleware\\CheckForMaintenanceMode->handle()
#27 /var/www/facebooker/vendor/fruitcake/laravel-cors/src/HandleCors.php(37): Illuminate\\Pipeline\\Pipeline->Illuminate\\Pipeline\\{closure}()
#28 /var/www/facebooker/vendor/laravel/framework/src/Illuminate/Pipeline/Pipeline.php(167): Fruitcake\\Cors\\HandleCors->handle()
#29 /var/www/facebooker/vendor/fideloper/proxy/src/TrustProxies.php(57): Illuminate\\Pipeline\\Pipeline->Illuminate\\Pipeline\\{closure}()
#30 /var/www/facebooker/vendor/laravel/framework/src/Illuminate/Pipeline/Pipeline.php(167): Fideloper\\Proxy\\TrustProxies->handle()
#31 /var/www/facebooker/vendor/laravel/framework/src/Illuminate/Pipeline/Pipeline.php(103): Illuminate\\Pipeline\\Pipeline->Illuminate\\Pipeline\\{closure}()
#32 /var/www/facebooker/vendor/laravel/framework/src/Illuminate/Foundation/Http/Kernel.php(140): Illuminate\\Pipeline\\Pipeline->then()
#33 /var/www/facebooker/vendor/laravel/framework/src/Illuminate/Foundation/Http/Kernel.php(109): Illuminate\\Foundation\\Http\\Kernel->sendRequestThroughRouter()
#34 /var/www/facebooker/public/index.php(55): Illuminate\\Foundation\\Http\\Kernel->handle()
#35 {main}
"} 
